2025-05-30 14:51:40,665 40610 DEBUG ? odoo.netsvc: logger level set: "odoo.http.rpc.request:INFO" 
2025-05-30 14:51:40,666 40610 DEBUG ? odoo.netsvc: logger level set: "odoo.http.rpc.response:INFO" 
2025-05-30 14:51:40,666 40610 DEBUG ? odoo.netsvc: logger level set: ":INFO" 
2025-05-30 14:51:40,666 40610 DEBUG ? odoo.netsvc: logger level set: "odoo:DEBUG" 
2025-05-30 14:51:40,666 40610 DEBUG ? odoo.netsvc: logger level set: "odoo.sql_db:INFO" 
2025-05-30 14:51:40,666 40610 DEBUG ? odoo.netsvc: logger level set: ":INFO" 
2025-05-30 14:51:40,666 40610 INFO ? odoo: Odoo version 18.0 
2025-05-30 14:51:40,667 40610 INFO ? odoo: Using configuration file at /opt/ic-tecnology/arquitectura/odoo18/clientes/cliente1/conf/odoo.cfg 
2025-05-30 14:51:40,667 40610 INFO ? odoo: addons paths: ['/opt/ic-tecnology/arquitectura/odoo18/odoo/odoo/addons', '/opt/ic-tecnology/arquitectura/odoo18/clientes/cliente1/data/.local/share/Odoo/addons/18.0', '/opt/ic-tecnology/arquitectura/odoo18/odoo/addons', '/opt/ic-tecnology/arquitectura/odoo18/odoo/addons/enterprise-18.0', '/opt/ic-tecnology/arquitectura/odoo18/clientes/cliente1/extra-addons'] 
2025-05-30 14:51:40,667 40610 INFO ? odoo: database: odoo18@0.0.0.0:5432 
2025-05-30 14:51:40,777 40610 INFO ? odoo.addons.base.models.ir_actions_report: Will use the Wkhtmltopdf binary at /usr/local/bin/wkhtmltopdf 
2025-05-30 14:51:40,787 40610 INFO ? odoo.addons.base.models.ir_actions_report: Will use the Wkhtmltoimage binary at /usr/local/bin/wkhtmltoimage 
2025-05-30 14:51:40,948 40610 DEBUG ? odoo.service.server: Setting signal handlers 
2025-05-30 14:51:40,948 40610 INFO ? odoo.service.server: HTTP service (werkzeug) running on ubuntuserver2404:8018 
2025-05-30 14:51:40,980 40610 DEBUG dbodoo18 odoo.modules.registry: Multiprocess load registry signaling: [Registry: 3] [Cache default: 3] [Cache assets: 1] [Cache templates: 1] [Cache routing: 1] [Cache groups: 1] 
2025-05-30 14:51:40,983 40610 INFO dbodoo18 odoo.modules.loading: loading 1 modules... 
2025-05-30 14:51:40,983 40610 DEBUG dbodoo18 odoo.modules.loading: Loading module base (1/1) 
2025-05-30 14:51:40,989 40610 DEBUG dbodoo18 odoo.modules.loading: Module base loaded in 0.01s, 0 queries 
2025-05-30 14:51:40,990 40610 INFO dbodoo18 odoo.modules.loading: 1 modules loaded in 0.01s, 0 queries (+0 extra) 
2025-05-30 14:51:41,010 40610 DEBUG dbodoo18 odoo.modules.loading: Updating graph with 53 more modules 
2025-05-30 14:51:41,011 40610 INFO dbodoo18 odoo.modules.loading: loading 54 modules... 
2025-05-30 14:51:41,011 40610 DEBUG dbodoo18 odoo.modules.loading: Loading module l10n_us (2/54) 
2025-05-30 14:51:41,013 40610 DEBUG dbodoo18 odoo.modules.loading: Module l10n_us loaded in 0.00s, 0 queries 
2025-05-30 14:51:41,013 40610 DEBUG dbodoo18 odoo.modules.loading: Loading module uom (3/54) 
2025-05-30 14:51:41,014 40610 DEBUG dbodoo18 odoo.modules.loading: Module uom loaded in 0.00s, 0 queries 
2025-05-30 14:51:41,015 40610 DEBUG dbodoo18 odoo.modules.loading: Loading module web (4/54) 
2025-05-30 14:51:41,016 40610 DEBUG dbodoo18 odoo.modules.loading: Module web loaded in 0.00s, 0 queries 
2025-05-30 14:51:41,018 40610 DEBUG dbodoo18 odoo.modules.loading: Loading module auth_totp (5/54) 
2025-05-30 14:51:41,027 40610 DEBUG dbodoo18 odoo.modules.loading: Module auth_totp loaded in 0.01s, 0 queries 
2025-05-30 14:51:41,028 40610 DEBUG dbodoo18 odoo.modules.loading: Loading module base_import (6/54) 
2025-05-30 14:51:41,114 40610 DEBUG dbodoo18 odoo.modules.loading: Module base_import loaded in 0.09s, 0 queries 
2025-05-30 14:51:41,114 40610 DEBUG dbodoo18 odoo.modules.loading: Loading module base_import_module (7/54) 
2025-05-30 14:51:41,119 40610 DEBUG dbodoo18 odoo.modules.loading: Module base_import_module loaded in 0.00s, 0 queries 
2025-05-30 14:51:41,119 40610 DEBUG dbodoo18 odoo.modules.loading: Loading module base_setup (8/54) 
2025-05-30 14:51:41,122 40610 DEBUG dbodoo18 odoo.modules.loading: Module base_setup loaded in 0.00s, 0 queries 
2025-05-30 14:51:41,122 40610 DEBUG dbodoo18 odoo.modules.loading: Loading module bus (9/54) 
2025-05-30 14:51:41,136 40610 DEBUG dbodoo18 odoo.modules.loading: Module bus loaded in 0.01s, 0 queries 
2025-05-30 14:51:41,136 40610 DEBUG dbodoo18 odoo.modules.loading: Loading module http_routing (10/54) 
2025-05-30 14:51:41,140 40610 DEBUG dbodoo18 odoo.modules.loading: Module http_routing loaded in 0.00s, 0 queries 
2025-05-30 14:51:41,141 40610 DEBUG dbodoo18 odoo.modules.loading: Loading module onboarding (11/54) 
2025-05-30 14:51:41,143 40610 DEBUG dbodoo18 odoo.modules.loading: Module onboarding loaded in 0.00s, 0 queries 
2025-05-30 14:51:41,143 40610 DEBUG dbodoo18 odoo.modules.loading: Loading module resource (12/54) 
2025-05-30 14:51:41,152 40610 DEBUG dbodoo18 odoo.modules.loading: Module resource loaded in 0.01s, 0 queries 
2025-05-30 14:51:41,152 40610 DEBUG dbodoo18 odoo.modules.loading: Loading module utm (13/54) 
2025-05-30 14:51:41,158 40610 DEBUG dbodoo18 odoo.modules.loading: Module utm loaded in 0.01s, 0 queries 
2025-05-30 14:51:41,158 40610 DEBUG dbodoo18 odoo.modules.loading: Loading module web_tour (14/54) 
2025-05-30 14:51:41,161 40610 DEBUG dbodoo18 odoo.modules.loading: Module web_tour loaded in 0.00s, 0 queries 
2025-05-30 14:51:41,161 40610 DEBUG dbodoo18 odoo.modules.loading: Loading module html_editor (15/54) 
2025-05-30 14:51:41,235 40610 DEBUG dbodoo18 odoo.modules.loading: Module html_editor loaded in 0.07s, 0 queries 
2025-05-30 14:51:41,235 40610 DEBUG dbodoo18 odoo.modules.loading: Loading module iap (16/54) 
2025-05-30 14:51:41,236 40610 DEBUG dbodoo18 odoo.modules.loading: Module iap loaded in 0.00s, 0 queries 
2025-05-30 14:51:41,236 40610 DEBUG dbodoo18 odoo.modules.loading: Loading module mail (17/54) 
2025-05-30 14:51:41,242 40610 DEBUG dbodoo18 odoo.modules.loading: Module mail loaded in 0.01s, 0 queries 
2025-05-30 14:51:41,242 40610 DEBUG dbodoo18 odoo.modules.loading: Loading module web_editor (18/54) 
2025-05-30 14:51:41,256 40610 DEBUG dbodoo18 odoo.modules.loading: Module web_editor loaded in 0.01s, 0 queries 
2025-05-30 14:51:41,256 40610 DEBUG dbodoo18 odoo.modules.loading: Loading module analytic (19/54) 
2025-05-30 14:51:41,261 40610 DEBUG dbodoo18 odoo.modules.loading: Module analytic loaded in 0.00s, 0 queries 
2025-05-30 14:51:41,261 40610 DEBUG dbodoo18 odoo.modules.loading: Loading module auth_signup (20/54) 
2025-05-30 14:51:41,265 40610 DEBUG dbodoo18 odoo.modules.loading: Module auth_signup loaded in 0.00s, 0 queries 
2025-05-30 14:51:41,265 40610 DEBUG dbodoo18 odoo.modules.loading: Loading module auth_totp_mail (21/54) 
2025-05-30 14:51:41,267 40610 DEBUG dbodoo18 odoo.modules.loading: Module auth_totp_mail loaded in 0.00s, 0 queries 
2025-05-30 14:51:41,267 40610 DEBUG dbodoo18 odoo.modules.loading: Loading module base_install_request (22/54) 
2025-05-30 14:51:41,269 40610 DEBUG dbodoo18 odoo.modules.loading: Module base_install_request loaded in 0.00s, 0 queries 
2025-05-30 14:51:41,269 40610 DEBUG dbodoo18 odoo.modules.loading: Loading module google_gmail (23/54) 
2025-05-30 14:51:41,272 40610 DEBUG dbodoo18 odoo.modules.loading: Module google_gmail loaded in 0.00s, 0 queries 
2025-05-30 14:51:41,272 40610 DEBUG dbodoo18 odoo.modules.loading: Loading module iap_mail (24/54) 
2025-05-30 14:51:41,274 40610 DEBUG dbodoo18 odoo.modules.loading: Module iap_mail loaded in 0.00s, 0 queries 
2025-05-30 14:51:41,274 40610 DEBUG dbodoo18 odoo.modules.loading: Loading module mail_bot (25/54) 
2025-05-30 14:51:41,276 40610 DEBUG dbodoo18 odoo.modules.loading: Module mail_bot loaded in 0.00s, 0 queries 
2025-05-30 14:51:41,276 40610 DEBUG dbodoo18 odoo.modules.loading: Loading module phone_validation (26/54) 
2025-05-30 14:51:41,283 40610 DEBUG dbodoo18 odoo.modules.loading: Module phone_validation loaded in 0.01s, 0 queries 
2025-05-30 14:51:41,284 40610 DEBUG dbodoo18 odoo.modules.loading: Loading module privacy_lookup (27/54) 
2025-05-30 14:51:41,287 40610 DEBUG dbodoo18 odoo.modules.loading: Module privacy_lookup loaded in 0.00s, 0 queries 
2025-05-30 14:51:41,287 40610 DEBUG dbodoo18 odoo.modules.loading: Loading module product (28/54) 
2025-05-30 14:51:41,312 40610 DEBUG dbodoo18 odoo.modules.loading: Module product loaded in 0.02s, 0 queries 
2025-05-30 14:51:41,312 40610 DEBUG dbodoo18 odoo.modules.loading: Loading module resource_mail (29/54) 
2025-05-30 14:51:41,314 40610 DEBUG dbodoo18 odoo.modules.loading: Module resource_mail loaded in 0.00s, 0 queries 
2025-05-30 14:51:41,314 40610 DEBUG dbodoo18 odoo.modules.loading: Loading module sales_team (30/54) 
2025-05-30 14:51:41,318 40610 DEBUG dbodoo18 odoo.modules.loading: Module sales_team loaded in 0.00s, 0 queries 
2025-05-30 14:51:41,318 40610 DEBUG dbodoo18 odoo.modules.loading: Loading module web_unsplash (31/54) 
2025-05-30 14:51:41,323 40610 DEBUG dbodoo18 odoo.modules.loading: Module web_unsplash loaded in 0.01s, 0 queries 
2025-05-30 14:51:41,323 40610 DEBUG dbodoo18 odoo.modules.loading: Loading module partner_autocomplete (32/54) 
2025-05-30 14:51:41,327 40610 DEBUG dbodoo18 odoo.modules.loading: Module partner_autocomplete loaded in 0.00s, 0 queries 
2025-05-30 14:51:41,328 40610 DEBUG dbodoo18 odoo.modules.loading: Loading module portal (33/54) 
2025-05-30 14:51:41,336 40610 DEBUG dbodoo18 odoo.modules.loading: Module portal loaded in 0.01s, 0 queries 
2025-05-30 14:51:41,336 40610 DEBUG dbodoo18 odoo.modules.loading: Loading module sms (34/54) 
2025-05-30 14:51:41,352 40610 DEBUG dbodoo18 odoo.modules.loading: Module sms loaded in 0.02s, 0 queries 
2025-05-30 14:51:41,352 40610 DEBUG dbodoo18 odoo.modules.loading: Loading module snailmail (35/54) 
2025-05-30 14:51:41,359 40610 DEBUG dbodoo18 odoo.modules.loading: Module snailmail loaded in 0.01s, 0 queries 
2025-05-30 14:51:41,359 40610 DEBUG dbodoo18 odoo.modules.loading: Loading module auth_totp_portal (36/54) 
2025-05-30 14:51:41,361 40610 DEBUG dbodoo18 odoo.modules.loading: Module auth_totp_portal loaded in 0.00s, 0 queries 
2025-05-30 14:51:41,361 40610 DEBUG dbodoo18 odoo.modules.loading: Loading module digest (37/54) 
2025-05-30 14:51:41,367 40610 DEBUG dbodoo18 odoo.modules.loading: Module digest loaded in 0.01s, 0 queries 
2025-05-30 14:51:41,367 40610 DEBUG dbodoo18 odoo.modules.loading: Loading module payment (38/54) 
2025-05-30 14:51:41,434 40610 DEBUG dbodoo18 odoo.modules.loading: Module payment loaded in 0.07s, 0 queries 
2025-05-30 14:51:41,434 40610 DEBUG dbodoo18 odoo.modules.loading: Loading module spreadsheet (39/54) 
2025-05-30 14:51:41,437 40610 DEBUG dbodoo18 odoo.modules.loading: Module spreadsheet loaded in 0.00s, 0 queries 
2025-05-30 14:51:41,437 40610 DEBUG dbodoo18 odoo.modules.loading: Loading module account (40/54) 
2025-05-30 14:51:41,502 40610 DEBUG dbodoo18 odoo.modules.loading: Module account loaded in 0.06s, 0 queries 
2025-05-30 14:51:41,502 40610 DEBUG dbodoo18 odoo.modules.loading: Loading module spreadsheet_dashboard (41/54) 
2025-05-30 14:51:41,505 40610 DEBUG dbodoo18 odoo.modules.loading: Module spreadsheet_dashboard loaded in 0.00s, 0 queries 
2025-05-30 14:51:41,505 40610 DEBUG dbodoo18 odoo.modules.loading: Loading module account_edi_ubl_cii (42/54) 
2025-05-30 14:51:41,519 40610 DEBUG dbodoo18 odoo.modules.loading: Module account_edi_ubl_cii loaded in 0.01s, 0 queries 
2025-05-30 14:51:41,519 40610 DEBUG dbodoo18 odoo.modules.loading: Loading module account_payment (43/54) 
2025-05-30 14:51:41,525 40610 DEBUG dbodoo18 odoo.modules.loading: Module account_payment loaded in 0.01s, 0 queries 
2025-05-30 14:51:41,526 40610 DEBUG dbodoo18 odoo.modules.loading: Loading module l10n_us_account (44/54) 
2025-05-30 14:51:41,526 40610 DEBUG dbodoo18 odoo.modules.loading: Module l10n_us_account loaded in 0.00s, 0 queries 
2025-05-30 14:51:41,526 40610 DEBUG dbodoo18 odoo.modules.loading: Loading module snailmail_account (45/54) 
2025-05-30 14:51:41,528 40610 DEBUG dbodoo18 odoo.modules.loading: Module snailmail_account loaded in 0.00s, 0 queries 
2025-05-30 14:51:41,528 40610 DEBUG dbodoo18 odoo.modules.loading: Loading module spreadsheet_account (46/54) 
2025-05-30 14:51:41,530 40610 DEBUG dbodoo18 odoo.modules.loading: Module spreadsheet_account loaded in 0.00s, 0 queries 
2025-05-30 14:51:41,530 40610 DEBUG dbodoo18 odoo.modules.loading: Loading module spreadsheet_dashboard_account (47/54) 
2025-05-30 14:51:41,530 40610 DEBUG dbodoo18 odoo.modules.loading: Module spreadsheet_dashboard_account loaded in 0.00s, 0 queries 
2025-05-30 14:51:41,530 40610 DEBUG dbodoo18 odoo.modules.loading: Loading module sale (48/54) 
2025-05-30 14:51:41,546 40610 DEBUG dbodoo18 odoo.modules.loading: Module sale loaded in 0.02s, 0 queries 
2025-05-30 14:51:41,546 40610 DEBUG dbodoo18 odoo.modules.loading: Loading module sale_async_emails (49/54) 
2025-05-30 14:51:41,549 40610 DEBUG dbodoo18 odoo.modules.loading: Module sale_async_emails loaded in 0.00s, 0 queries 
2025-05-30 14:51:41,549 40610 DEBUG dbodoo18 odoo.modules.loading: Loading module sale_edi_ubl (50/54) 
2025-05-30 14:51:41,552 40610 DEBUG dbodoo18 odoo.modules.loading: Module sale_edi_ubl loaded in 0.00s, 0 queries 
2025-05-30 14:51:41,552 40610 DEBUG dbodoo18 odoo.modules.loading: Loading module sale_management (51/54) 
2025-05-30 14:51:41,558 40610 DEBUG dbodoo18 odoo.modules.loading: Module sale_management loaded in 0.01s, 0 queries 
2025-05-30 14:51:41,558 40610 DEBUG dbodoo18 odoo.modules.loading: Loading module sale_sms (52/54) 
2025-05-30 14:51:41,559 40610 DEBUG dbodoo18 odoo.modules.loading: Module sale_sms loaded in 0.00s, 0 queries 
2025-05-30 14:51:41,559 40610 DEBUG dbodoo18 odoo.modules.loading: Loading module spreadsheet_dashboard_sale (53/54) 
2025-05-30 14:51:41,560 40610 DEBUG dbodoo18 odoo.modules.loading: Module spreadsheet_dashboard_sale loaded in 0.00s, 0 queries 
2025-05-30 14:51:41,560 40610 DEBUG dbodoo18 odoo.modules.loading: Loading module sale_pdf_quote_builder (54/54) 
2025-05-30 14:51:41,566 40610 DEBUG dbodoo18 odoo.modules.loading: Module sale_pdf_quote_builder loaded in 0.01s, 0 queries 
2025-05-30 14:51:41,567 40610 INFO dbodoo18 odoo.modules.loading: 54 modules loaded in 0.56s, 0 queries (+0 extra) 
2025-05-30 14:51:41,712 40610 INFO dbodoo18 odoo.modules.loading: Modules loaded. 
2025-05-30 14:51:41,717 40610 INFO dbodoo18 odoo.modules.registry: Registry loaded in 0.767s 
2025-05-30 14:51:41,720 40610 DEBUG dbodoo18 odoo.service.server: cron0 started! 
2025-05-30 14:51:41,720 40610 DEBUG dbodoo18 odoo.service.server: cron1 started! 
2025-05-30 14:51:45,452 40610 DEBUG ? odoo.http: HTTP sessions stored in: /opt/ic-tecnology/arquitectura/odoo18/clientes/cliente1/data/.local/share/Odoo/sessions 
2025-05-30 14:51:45,529 40610 DEBUG ? odoo.modules.module: module __init__.py: no manifest file found ('__manifest__.py', '__openerp__.py') 
2025-05-30 14:51:45,531 40610 DEBUG ? odoo.modules.module: module __pycache__: no manifest file found ('__manifest__.py', '__openerp__.py') 
2025-05-30 14:51:45,540 40610 DEBUG ? odoo.modules.module: module enterprise-18.0: no manifest file found ('__manifest__.py', '__openerp__.py') 
2025-05-30 14:51:45,621 40610 DEBUG ? odoo.modules.module: module website_twitter: no manifest file found ('__manifest__.py', '__openerp__.py') 
2025-05-30 14:51:45,758 40610 DEBUG ? odoo.modules.module: module LICENSE: no manifest file found ('__manifest__.py', '__openerp__.py') 
2025-05-30 14:51:45,779 40610 DEBUG ? odoo.modules.module: module .tx: no manifest file found ('__manifest__.py', '__openerp__.py') 
2025-05-30 14:51:45,795 40610 DEBUG ? odoo.modules.module: module .gitignore: no manifest file found ('__manifest__.py', '__openerp__.py') 
2025-05-30 14:51:45,814 40610 DEBUG ? odoo.modules.module: module README.md: no manifest file found ('__manifest__.py', '__openerp__.py') 
2025-05-30 14:51:45,819 40610 DEBUG ? odoo.modules.module: module CONTRIBUTING.md: no manifest file found ('__manifest__.py', '__openerp__.py') 
2025-05-30 14:51:45,868 40610 DEBUG ? odoo.modules.module: module COPYRIGHT: no manifest file found ('__manifest__.py', '__openerp__.py') 
2025-05-30 14:51:45,941 40610 WARNING ? odoo.modules.module: Missing `license` key in manifest for 'dummy', defaulting to LGPL-3 
2025-05-30 14:51:46,123 40610 INFO ? werkzeug: 192.168.0.80 - - [30/May/2025 14:51:46] "GET /web/database/manager HTTP/1.1" 200 - 6 0.012 0.660
2025-05-30 14:51:54,652 40610 INFO dbodoo18 odoo.service.server: Initiating shutdown 
2025-05-30 14:51:54,652 40610 INFO dbodoo18 odoo.service.server: Hit CTRL-C again or send a second signal to force the shutdown. 
2025-05-30 14:51:54,779 40610 DEBUG dbodoo18 odoo.service.server: on_close call <bound method Event.set of <threading.Event at 0x79f62dba9b10: unset>> 
2025-05-30 14:51:54,779 40610 DEBUG dbodoo18 odoo.service.server: on_close call <function _kick_all at 0x79f62dbb7420> 
2025-05-30 14:51:54,780 40610 DEBUG dbodoo18 odoo.service.server: current thread: <_MainThread(MainThread, started 134098391398208)> 
2025-05-30 14:51:54,780 40610 DEBUG dbodoo18 odoo.service.server: process <_MainThread(MainThread, started 134098391398208)> (False) 
2025-05-30 14:51:54,780 40610 DEBUG dbodoo18 odoo.service.server: process <Thread(odoo.service.cron.cron0, started daemon 134098140001984)> (True) 
2025-05-30 14:51:54,780 40610 DEBUG dbodoo18 odoo.service.server: process <Thread(odoo.service.cron.cron1, started daemon 134098131609280)> (True) 
2025-05-30 14:51:54,780 40610 DEBUG dbodoo18 odoo.service.server: process <Thread(odoo.service.http.request.134098114823872, started 134098114823872)> (False) 
2025-05-30 14:51:54,780 40610 DEBUG dbodoo18 odoo.service.server: join and sleep 
2025-05-30 16:07:02,979 62394 DEBUG ? odoo.netsvc: logger level set: "odoo.http.rpc.request:INFO" 
2025-05-30 16:07:02,980 62394 DEBUG ? odoo.netsvc: logger level set: "odoo.http.rpc.response:INFO" 
2025-05-30 16:07:02,980 62394 DEBUG ? odoo.netsvc: logger level set: ":INFO" 
2025-05-30 16:07:02,980 62394 DEBUG ? odoo.netsvc: logger level set: "odoo:DEBUG" 
2025-05-30 16:07:02,980 62394 DEBUG ? odoo.netsvc: logger level set: "odoo.sql_db:INFO" 
2025-05-30 16:07:02,980 62394 DEBUG ? odoo.netsvc: logger level set: ":INFO" 
2025-05-30 16:07:02,981 62394 INFO ? odoo: Odoo version 18.0 
2025-05-30 16:07:02,981 62394 INFO ? odoo: Using configuration file at /opt/ic-tecnology/arquitectura/odoo18/clientes/cliente1/conf/odoo.cfg 
2025-05-30 16:07:02,981 62394 INFO ? odoo: addons paths: ['/opt/ic-tecnology/arquitectura/odoo18/odoo/odoo/addons', '/opt/ic-tecnology/arquitectura/odoo18/clientes/cliente1/data/.local/share/Odoo/addons/18.0', '/opt/ic-tecnology/arquitectura/odoo18/odoo/addons', '/opt/ic-tecnology/arquitectura/odoo18/odoo/addons/enterprise-18.0', '/opt/ic-tecnology/arquitectura/odoo18/clientes/cliente1/extra-addons'] 
2025-05-30 16:07:02,981 62394 INFO ? odoo: database: odoo18@0.0.0.0:5432 
2025-05-30 16:07:03,097 62394 INFO ? odoo.addons.base.models.ir_actions_report: Will use the Wkhtmltopdf binary at /usr/local/bin/wkhtmltopdf 
2025-05-30 16:07:03,108 62394 INFO ? odoo.addons.base.models.ir_actions_report: Will use the Wkhtmltoimage binary at /usr/local/bin/wkhtmltoimage 
2025-05-30 16:07:03,271 62394 DEBUG ? odoo.service.server: Setting signal handlers 
2025-05-30 16:07:03,272 62394 INFO ? odoo.service.server: HTTP service (werkzeug) running on ubuntuserver2404:8018 
2025-05-30 16:07:03,301 62394 DEBUG dbodoo18 odoo.modules.registry: Multiprocess load registry signaling: [Registry: 3] [Cache default: 3] [Cache assets: 1] [Cache templates: 1] [Cache routing: 1] [Cache groups: 1] 
2025-05-30 16:07:03,307 62394 INFO dbodoo18 odoo.modules.loading: loading 1 modules... 
2025-05-30 16:07:03,307 62394 DEBUG dbodoo18 odoo.modules.loading: Loading module base (1/1) 
2025-05-30 16:07:03,313 62394 DEBUG dbodoo18 odoo.modules.loading: Module base loaded in 0.01s, 0 queries 
2025-05-30 16:07:03,313 62394 INFO dbodoo18 odoo.modules.loading: 1 modules loaded in 0.01s, 0 queries (+0 extra) 
2025-05-30 16:07:03,335 62394 DEBUG dbodoo18 odoo.modules.loading: Updating graph with 53 more modules 
2025-05-30 16:07:03,335 62394 INFO dbodoo18 odoo.modules.loading: loading 54 modules... 
2025-05-30 16:07:03,335 62394 DEBUG dbodoo18 odoo.modules.loading: Loading module l10n_us (2/54) 
2025-05-30 16:07:03,336 62394 DEBUG dbodoo18 odoo.modules.loading: Module l10n_us loaded in 0.00s, 0 queries 
2025-05-30 16:07:03,337 62394 DEBUG dbodoo18 odoo.modules.loading: Loading module uom (3/54) 
2025-05-30 16:07:03,339 62394 DEBUG dbodoo18 odoo.modules.loading: Module uom loaded in 0.00s, 0 queries 
2025-05-30 16:07:03,339 62394 DEBUG dbodoo18 odoo.modules.loading: Loading module web (4/54) 
2025-05-30 16:07:03,340 62394 DEBUG dbodoo18 odoo.modules.loading: Module web loaded in 0.00s, 0 queries 
2025-05-30 16:07:03,341 62394 DEBUG dbodoo18 odoo.modules.loading: Loading module auth_totp (5/54) 
2025-05-30 16:07:03,351 62394 DEBUG dbodoo18 odoo.modules.loading: Module auth_totp loaded in 0.01s, 0 queries 
2025-05-30 16:07:03,351 62394 DEBUG dbodoo18 odoo.modules.loading: Loading module base_import (6/54) 
2025-05-30 16:07:03,446 62394 DEBUG dbodoo18 odoo.modules.loading: Module base_import loaded in 0.09s, 0 queries 
2025-05-30 16:07:03,446 62394 DEBUG dbodoo18 odoo.modules.loading: Loading module base_import_module (7/54) 
2025-05-30 16:07:03,449 62394 DEBUG dbodoo18 odoo.modules.loading: Module base_import_module loaded in 0.00s, 0 queries 
2025-05-30 16:07:03,450 62394 DEBUG dbodoo18 odoo.modules.loading: Loading module base_setup (8/54) 
2025-05-30 16:07:03,452 62394 DEBUG dbodoo18 odoo.modules.loading: Module base_setup loaded in 0.00s, 0 queries 
2025-05-30 16:07:03,452 62394 DEBUG dbodoo18 odoo.modules.loading: Loading module bus (9/54) 
2025-05-30 16:07:03,461 62394 DEBUG dbodoo18 odoo.modules.loading: Module bus loaded in 0.01s, 0 queries 
2025-05-30 16:07:03,461 62394 DEBUG dbodoo18 odoo.modules.loading: Loading module http_routing (10/54) 
2025-05-30 16:07:03,464 62394 DEBUG dbodoo18 odoo.modules.loading: Module http_routing loaded in 0.00s, 0 queries 
2025-05-30 16:07:03,464 62394 DEBUG dbodoo18 odoo.modules.loading: Loading module onboarding (11/54) 
2025-05-30 16:07:03,467 62394 DEBUG dbodoo18 odoo.modules.loading: Module onboarding loaded in 0.00s, 0 queries 
2025-05-30 16:07:03,467 62394 DEBUG dbodoo18 odoo.modules.loading: Loading module resource (12/54) 
2025-05-30 16:07:03,475 62394 DEBUG dbodoo18 odoo.modules.loading: Module resource loaded in 0.01s, 0 queries 
2025-05-30 16:07:03,475 62394 DEBUG dbodoo18 odoo.modules.loading: Loading module utm (13/54) 
2025-05-30 16:07:03,479 62394 DEBUG dbodoo18 odoo.modules.loading: Module utm loaded in 0.00s, 0 queries 
2025-05-30 16:07:03,479 62394 DEBUG dbodoo18 odoo.modules.loading: Loading module web_tour (14/54) 
2025-05-30 16:07:03,481 62394 DEBUG dbodoo18 odoo.modules.loading: Module web_tour loaded in 0.00s, 0 queries 
2025-05-30 16:07:03,481 62394 DEBUG dbodoo18 odoo.modules.loading: Loading module html_editor (15/54) 
2025-05-30 16:07:03,532 62394 DEBUG dbodoo18 odoo.modules.loading: Module html_editor loaded in 0.05s, 0 queries 
2025-05-30 16:07:03,533 62394 DEBUG dbodoo18 odoo.modules.loading: Loading module iap (16/54) 
2025-05-30 16:07:03,534 62394 DEBUG dbodoo18 odoo.modules.loading: Module iap loaded in 0.00s, 0 queries 
2025-05-30 16:07:03,534 62394 DEBUG dbodoo18 odoo.modules.loading: Loading module mail (17/54) 
2025-05-30 16:07:03,539 62394 DEBUG dbodoo18 odoo.modules.loading: Module mail loaded in 0.00s, 0 queries 
2025-05-30 16:07:03,539 62394 DEBUG dbodoo18 odoo.modules.loading: Loading module web_editor (18/54) 
2025-05-30 16:07:03,551 62394 DEBUG dbodoo18 odoo.modules.loading: Module web_editor loaded in 0.01s, 0 queries 
2025-05-30 16:07:03,552 62394 DEBUG dbodoo18 odoo.modules.loading: Loading module analytic (19/54) 
2025-05-30 16:07:03,556 62394 DEBUG dbodoo18 odoo.modules.loading: Module analytic loaded in 0.00s, 0 queries 
2025-05-30 16:07:03,556 62394 DEBUG dbodoo18 odoo.modules.loading: Loading module auth_signup (20/54) 
2025-05-30 16:07:03,559 62394 DEBUG dbodoo18 odoo.modules.loading: Module auth_signup loaded in 0.00s, 0 queries 
2025-05-30 16:07:03,559 62394 DEBUG dbodoo18 odoo.modules.loading: Loading module auth_totp_mail (21/54) 
2025-05-30 16:07:03,561 62394 DEBUG dbodoo18 odoo.modules.loading: Module auth_totp_mail loaded in 0.00s, 0 queries 
2025-05-30 16:07:03,561 62394 DEBUG dbodoo18 odoo.modules.loading: Loading module base_install_request (22/54) 
2025-05-30 16:07:03,563 62394 DEBUG dbodoo18 odoo.modules.loading: Module base_install_request loaded in 0.00s, 0 queries 
2025-05-30 16:07:03,563 62394 DEBUG dbodoo18 odoo.modules.loading: Loading module google_gmail (23/54) 
2025-05-30 16:07:03,566 62394 DEBUG dbodoo18 odoo.modules.loading: Module google_gmail loaded in 0.00s, 0 queries 
2025-05-30 16:07:03,566 62394 DEBUG dbodoo18 odoo.modules.loading: Loading module iap_mail (24/54) 
2025-05-30 16:07:03,567 62394 DEBUG dbodoo18 odoo.modules.loading: Module iap_mail loaded in 0.00s, 0 queries 
2025-05-30 16:07:03,567 62394 DEBUG dbodoo18 odoo.modules.loading: Loading module mail_bot (25/54) 
2025-05-30 16:07:03,569 62394 DEBUG dbodoo18 odoo.modules.loading: Module mail_bot loaded in 0.00s, 0 queries 
2025-05-30 16:07:03,570 62394 DEBUG dbodoo18 odoo.modules.loading: Loading module phone_validation (26/54) 
2025-05-30 16:07:03,575 62394 DEBUG dbodoo18 odoo.modules.loading: Module phone_validation loaded in 0.01s, 0 queries 
2025-05-30 16:07:03,575 62394 DEBUG dbodoo18 odoo.modules.loading: Loading module privacy_lookup (27/54) 
2025-05-30 16:07:03,578 62394 DEBUG dbodoo18 odoo.modules.loading: Module privacy_lookup loaded in 0.00s, 0 queries 
2025-05-30 16:07:03,579 62394 DEBUG dbodoo18 odoo.modules.loading: Loading module product (28/54) 
2025-05-30 16:07:03,595 62394 DEBUG dbodoo18 odoo.modules.loading: Module product loaded in 0.02s, 0 queries 
2025-05-30 16:07:03,596 62394 DEBUG dbodoo18 odoo.modules.loading: Loading module resource_mail (29/54) 
2025-05-30 16:07:03,597 62394 DEBUG dbodoo18 odoo.modules.loading: Module resource_mail loaded in 0.00s, 0 queries 
2025-05-30 16:07:03,597 62394 DEBUG dbodoo18 odoo.modules.loading: Loading module sales_team (30/54) 
2025-05-30 16:07:03,600 62394 DEBUG dbodoo18 odoo.modules.loading: Module sales_team loaded in 0.00s, 0 queries 
2025-05-30 16:07:03,600 62394 DEBUG dbodoo18 odoo.modules.loading: Loading module web_unsplash (31/54) 
2025-05-30 16:07:03,602 62394 DEBUG dbodoo18 odoo.modules.loading: Module web_unsplash loaded in 0.00s, 0 queries 
2025-05-30 16:07:03,602 62394 DEBUG dbodoo18 odoo.modules.loading: Loading module partner_autocomplete (32/54) 
2025-05-30 16:07:03,605 62394 DEBUG dbodoo18 odoo.modules.loading: Module partner_autocomplete loaded in 0.00s, 0 queries 
2025-05-30 16:07:03,606 62394 DEBUG dbodoo18 odoo.modules.loading: Loading module portal (33/54) 
2025-05-30 16:07:03,613 62394 DEBUG dbodoo18 odoo.modules.loading: Module portal loaded in 0.01s, 0 queries 
2025-05-30 16:07:03,614 62394 DEBUG dbodoo18 odoo.modules.loading: Loading module sms (34/54) 
2025-05-30 16:07:03,630 62394 DEBUG dbodoo18 odoo.modules.loading: Module sms loaded in 0.02s, 0 queries 
2025-05-30 16:07:03,630 62394 DEBUG dbodoo18 odoo.modules.loading: Loading module snailmail (35/54) 
2025-05-30 16:07:03,637 62394 DEBUG dbodoo18 odoo.modules.loading: Module snailmail loaded in 0.01s, 0 queries 
2025-05-30 16:07:03,637 62394 DEBUG dbodoo18 odoo.modules.loading: Loading module auth_totp_portal (36/54) 
2025-05-30 16:07:03,638 62394 DEBUG dbodoo18 odoo.modules.loading: Module auth_totp_portal loaded in 0.00s, 0 queries 
2025-05-30 16:07:03,639 62394 DEBUG dbodoo18 odoo.modules.loading: Loading module digest (37/54) 
2025-05-30 16:07:03,645 62394 DEBUG dbodoo18 odoo.modules.loading: Module digest loaded in 0.01s, 0 queries 
2025-05-30 16:07:03,646 62394 DEBUG dbodoo18 odoo.modules.loading: Loading module payment (38/54) 
2025-05-30 16:07:03,694 62394 DEBUG dbodoo18 odoo.modules.loading: Module payment loaded in 0.05s, 0 queries 
2025-05-30 16:07:03,695 62394 DEBUG dbodoo18 odoo.modules.loading: Loading module spreadsheet (39/54) 
2025-05-30 16:07:03,697 62394 DEBUG dbodoo18 odoo.modules.loading: Module spreadsheet loaded in 0.00s, 0 queries 
2025-05-30 16:07:03,698 62394 DEBUG dbodoo18 odoo.modules.loading: Loading module account (40/54) 
2025-05-30 16:07:03,754 62394 DEBUG dbodoo18 odoo.modules.loading: Module account loaded in 0.06s, 0 queries 
2025-05-30 16:07:03,755 62394 DEBUG dbodoo18 odoo.modules.loading: Loading module spreadsheet_dashboard (41/54) 
2025-05-30 16:07:03,757 62394 DEBUG dbodoo18 odoo.modules.loading: Module spreadsheet_dashboard loaded in 0.00s, 0 queries 
2025-05-30 16:07:03,758 62394 DEBUG dbodoo18 odoo.modules.loading: Loading module account_edi_ubl_cii (42/54) 
2025-05-30 16:07:03,766 62394 DEBUG dbodoo18 odoo.modules.loading: Module account_edi_ubl_cii loaded in 0.01s, 0 queries 
2025-05-30 16:07:03,766 62394 DEBUG dbodoo18 odoo.modules.loading: Loading module account_payment (43/54) 
2025-05-30 16:07:03,771 62394 DEBUG dbodoo18 odoo.modules.loading: Module account_payment loaded in 0.00s, 0 queries 
2025-05-30 16:07:03,772 62394 DEBUG dbodoo18 odoo.modules.loading: Loading module l10n_us_account (44/54) 
2025-05-30 16:07:03,772 62394 DEBUG dbodoo18 odoo.modules.loading: Module l10n_us_account loaded in 0.00s, 0 queries 
2025-05-30 16:07:03,772 62394 DEBUG dbodoo18 odoo.modules.loading: Loading module snailmail_account (45/54) 
2025-05-30 16:07:03,775 62394 DEBUG dbodoo18 odoo.modules.loading: Module snailmail_account loaded in 0.00s, 0 queries 
2025-05-30 16:07:03,775 62394 DEBUG dbodoo18 odoo.modules.loading: Loading module spreadsheet_account (46/54) 
2025-05-30 16:07:03,776 62394 DEBUG dbodoo18 odoo.modules.loading: Module spreadsheet_account loaded in 0.00s, 0 queries 
2025-05-30 16:07:03,777 62394 DEBUG dbodoo18 odoo.modules.loading: Loading module spreadsheet_dashboard_account (47/54) 
2025-05-30 16:07:03,777 62394 DEBUG dbodoo18 odoo.modules.loading: Module spreadsheet_dashboard_account loaded in 0.00s, 0 queries 
2025-05-30 16:07:03,777 62394 DEBUG dbodoo18 odoo.modules.loading: Loading module sale (48/54) 
2025-05-30 16:07:03,792 62394 DEBUG dbodoo18 odoo.modules.loading: Module sale loaded in 0.01s, 0 queries 
2025-05-30 16:07:03,792 62394 DEBUG dbodoo18 odoo.modules.loading: Loading module sale_async_emails (49/54) 
2025-05-30 16:07:03,793 62394 DEBUG dbodoo18 odoo.modules.loading: Module sale_async_emails loaded in 0.00s, 0 queries 
2025-05-30 16:07:03,793 62394 DEBUG dbodoo18 odoo.modules.loading: Loading module sale_edi_ubl (50/54) 
2025-05-30 16:07:03,795 62394 DEBUG dbodoo18 odoo.modules.loading: Module sale_edi_ubl loaded in 0.00s, 0 queries 
2025-05-30 16:07:03,795 62394 DEBUG dbodoo18 odoo.modules.loading: Loading module sale_management (51/54) 
2025-05-30 16:07:03,801 62394 DEBUG dbodoo18 odoo.modules.loading: Module sale_management loaded in 0.01s, 0 queries 
2025-05-30 16:07:03,801 62394 DEBUG dbodoo18 odoo.modules.loading: Loading module sale_sms (52/54) 
2025-05-30 16:07:03,801 62394 DEBUG dbodoo18 odoo.modules.loading: Module sale_sms loaded in 0.00s, 0 queries 
2025-05-30 16:07:03,802 62394 DEBUG dbodoo18 odoo.modules.loading: Loading module spreadsheet_dashboard_sale (53/54) 
2025-05-30 16:07:03,802 62394 DEBUG dbodoo18 odoo.modules.loading: Module spreadsheet_dashboard_sale loaded in 0.00s, 0 queries 
2025-05-30 16:07:03,802 62394 DEBUG dbodoo18 odoo.modules.loading: Loading module sale_pdf_quote_builder (54/54) 
2025-05-30 16:07:03,806 62394 DEBUG dbodoo18 odoo.modules.loading: Module sale_pdf_quote_builder loaded in 0.00s, 0 queries 
2025-05-30 16:07:03,806 62394 INFO dbodoo18 odoo.modules.loading: 54 modules loaded in 0.47s, 0 queries (+0 extra) 
2025-05-30 16:07:03,927 62394 INFO dbodoo18 odoo.modules.loading: Modules loaded. 
2025-05-30 16:07:03,931 62394 INFO dbodoo18 odoo.modules.registry: Registry loaded in 0.659s 
2025-05-30 16:07:03,934 62394 DEBUG dbodoo18 odoo.service.server: cron0 started! 
2025-05-30 16:07:03,935 62394 DEBUG dbodoo18 odoo.service.server: cron1 started! 
2025-05-30 16:07:09,882 62394 DEBUG ? odoo.http: HTTP sessions stored in: /opt/ic-tecnology/arquitectura/odoo18/clientes/cliente1/data/.local/share/Odoo/sessions 
2025-05-30 16:07:09,957 62394 INFO ? werkzeug: 192.168.0.80 - - [30/May/2025 16:07:09] "GET /web/login HTTP/1.1" 303 - 2 0.006 0.070
2025-05-30 16:07:09,968 62394 DEBUG ? odoo.tools._vendor.sessions: Could not load session from disk. Use empty session. 
Traceback (most recent call last):
  File "/opt/ic-tecnology/arquitectura/odoo18/odoo/odoo/tools/_vendor/sessions.py", line 216, in get
    f = open(self.get_session_filename(sid), "r", encoding="utf-8")
        ^^^^^^^^^^^^^^^^^^^^^^^^^^^^^^^^^^^^^^^^^^^^^^^^^^^^^^^^^^^
FileNotFoundError: [Errno 2] No such file or directory: '/opt/ic-tecnology/arquitectura/odoo18/clientes/cliente1/data/.local/share/Odoo/sessions/UC/UCBGCT-y95Oegid--aGNboYxjguh7b5xOeJ5NMqHflwurck6CRzNfxzUzacr0v0Lg0xkGI2VHJNnp5k34sOV'
2025-05-30 16:07:09,990 62394 DEBUG ? odoo.modules.module: module __init__.py: no manifest file found ('__manifest__.py', '__openerp__.py') 
2025-05-30 16:07:09,995 62394 DEBUG ? odoo.modules.module: module __pycache__: no manifest file found ('__manifest__.py', '__openerp__.py') 
2025-05-30 16:07:10,001 62394 DEBUG ? odoo.modules.module: module enterprise-18.0: no manifest file found ('__manifest__.py', '__openerp__.py') 
2025-05-30 16:07:10,071 62394 DEBUG ? odoo.modules.module: module website_twitter: no manifest file found ('__manifest__.py', '__openerp__.py') 
2025-05-30 16:07:10,198 62394 DEBUG ? odoo.modules.module: module LICENSE: no manifest file found ('__manifest__.py', '__openerp__.py') 
2025-05-30 16:07:10,226 62394 DEBUG ? odoo.modules.module: module .tx: no manifest file found ('__manifest__.py', '__openerp__.py') 
2025-05-30 16:07:10,246 62394 DEBUG ? odoo.modules.module: module .gitignore: no manifest file found ('__manifest__.py', '__openerp__.py') 
2025-05-30 16:07:10,265 62394 DEBUG ? odoo.modules.module: module README.md: no manifest file found ('__manifest__.py', '__openerp__.py') 
2025-05-30 16:07:10,272 62394 DEBUG ? odoo.modules.module: module CONTRIBUTING.md: no manifest file found ('__manifest__.py', '__openerp__.py') 
2025-05-30 16:07:10,319 62394 DEBUG ? odoo.modules.module: module COPYRIGHT: no manifest file found ('__manifest__.py', '__openerp__.py') 
2025-05-30 16:07:10,371 62394 WARNING ? odoo.modules.module: Missing `license` key in manifest for 'dummy', defaulting to LGPL-3 
2025-05-30 16:07:10,548 62394 INFO ? werkzeug: 192.168.0.80 - - [30/May/2025 16:07:10] "GET /web/database/selector HTTP/1.1" 200 - 8 0.017 0.564
2025-05-30 16:07:14,229 62394 DEBUG ? odoo.tools._vendor.sessions: Could not load session from disk. Use empty session. 
Traceback (most recent call last):
  File "/opt/ic-tecnology/arquitectura/odoo18/odoo/odoo/tools/_vendor/sessions.py", line 216, in get
    f = open(self.get_session_filename(sid), "r", encoding="utf-8")
        ^^^^^^^^^^^^^^^^^^^^^^^^^^^^^^^^^^^^^^^^^^^^^^^^^^^^^^^^^^^
FileNotFoundError: [Errno 2] No such file or directory: '/opt/ic-tecnology/arquitectura/odoo18/clientes/cliente1/data/.local/share/Odoo/sessions/UC/UCBGCT-y95Oegid--aGNboYxjguh7b5xOeJ5NMqHflwurck6CRzNfxzUzacr0v0Lg0xkGI2VHJNnp5k34sOV'
2025-05-30 16:07:14,258 62394 INFO ? werkzeug: 192.168.0.80 - - [30/May/2025 16:07:14] "GET /odoo?db=dbodoo18 HTTP/1.1" 302 - 1 0.003 0.027
2025-05-30 16:07:14,272 62394 INFO dbodoo18 odoo.addons.base.models.ir_http: Generating routing map for key None 
2025-05-30 16:07:14,343 62394 INFO dbodoo18 werkzeug: 192.168.0.80 - - [30/May/2025 16:07:14] "GET /odoo?db=dbodoo18 HTTP/1.1" 303 - 7 0.040 0.033
2025-05-30 16:07:14,673 62394 INFO dbodoo18 werkzeug: 192.168.0.80 - - [30/May/2025 16:07:14] "GET /web/login?redirect=%2Fodoo%3Fdb%3Ddbodoo18 HTTP/1.1" 200 - 63 0.150 0.161
2025-05-30 16:07:14,754 62394 INFO dbodoo18 werkzeug: 192.168.0.80 - - [30/May/2025 16:07:14] "GET /web/binary/company_logo HTTP/1.1" 304 - 5 0.009 0.007
2025-05-30 16:07:21,538 62394 INFO dbodoo18 odoo.addons.base.models.res_users: Login successful for db:dbodoo18 login:admin from 192.168.0.80 
2025-05-30 16:07:21,557 62394 INFO dbodoo18 werkzeug: 192.168.0.80 - - [30/May/2025 16:07:21] "POST /web/login HTTP/1.1" 303 - 40 0.080 0.564
2025-05-30 16:07:21,576 62394 DEBUG dbodoo18 odoo.http: Couldn't load Geoip Country file ([Errno 2] No such file or directory: b'/usr/share/GeoIP/GeoLite2-Country.mmdb'). Fallbacks on Geoip City. 
2025-05-30 16:07:21,589 62394 INFO dbodoo18 odoo.addons.base.models.res_device: User 2 inserts device log (IZfTF89LieX6WrgXKbVYYUS8l9xXSyfaDij5jHAR1l) 
2025-05-30 16:07:22,025 62394 INFO dbodoo18 werkzeug: 192.168.0.80 - - [30/May/2025 16:07:22] "GET /odoo?db=dbodoo18 HTTP/1.1" 200 - 84 0.199 0.255
2025-05-30 16:07:22,179 62394 INFO dbodoo18 werkzeug: 192.168.0.80 - - [30/May/2025 16:07:22] "GET /bus/websocket_worker_bundle?v=18.0-5 HTTP/1.1" 304 - 4 0.011 0.007
2025-05-30 16:07:22,252 62394 INFO dbodoo18 werkzeug: 192.168.0.80 - - [30/May/2025 16:07:22] "GET /websocket?version=18.0-5 HTTP/1.1" 101 - 1 0.002 0.047
2025-05-30 16:07:22,270 62394 INFO dbodoo18 werkzeug: 192.168.0.80 - - [30/May/2025 16:07:22] "POST /web/action/load HTTP/1.1" 200 - 6 0.042 0.034
2025-05-30 16:07:22,285 62394 INFO dbodoo18 werkzeug: 192.168.0.80 - - [30/May/2025 16:07:22] "GET /web/image?model=res.users&field=avatar_128&id=2 HTTP/1.1" 200 - 9 0.029 0.058
2025-05-30 16:07:22,498 62394 INFO dbodoo18 werkzeug: 192.168.0.80 - - [30/May/2025 16:07:22] "POST /mail/data HTTP/1.1" 200 - 48 0.251 0.051
2025-05-30 16:07:22,578 62394 INFO dbodoo18 werkzeug: 192.168.0.80 - - [30/May/2025 16:07:22] "POST /mail/data HTTP/1.1" 200 - 62 0.167 0.053
2025-05-30 16:07:22,667 62394 INFO dbodoo18 werkzeug: 192.168.0.80 - - [30/May/2025 16:07:22] "POST /mail/inbox/messages HTTP/1.1" 200 - 5 0.009 0.009
2025-05-30 16:07:22,959 62394 INFO ? odoo.addons.bus.models.bus: Bus.loop listen imbus on db postgres 
2025-05-30 16:07:27,922 62394 DEBUG dbodoo18 odoo.addons.http_routing.models.ir_http: '/web/session/logout' (lang: 'en') no lang in url and default website, continue 
2025-05-30 16:07:27,929 62394 INFO dbodoo18 werkzeug: 192.168.0.80 - - [30/May/2025 16:07:27] "GET /web/session/logout HTTP/1.1" 303 - 3 0.002 0.010
2025-05-30 16:07:27,960 62394 INFO dbodoo18 werkzeug: 192.168.0.80 - - [30/May/2025 16:07:27] "GET /odoo HTTP/1.1" 303 - 4 0.006 0.009
2025-05-30 16:07:28,026 62394 INFO dbodoo18 werkzeug: 192.168.0.80 - - [30/May/2025 16:07:28] "GET /web/login?redirect=%2Fodoo%3F HTTP/1.1" 200 - 7 0.012 0.036
2025-05-30 16:07:28,131 62394 INFO dbodoo18 werkzeug: 192.168.0.80 - - [30/May/2025 16:07:28] "GET /web/binary/company_logo HTTP/1.1" 304 - 5 0.009 0.029
2025-05-30 16:07:32,389 62394 INFO dbodoo18 odoo.service.server: Initiating shutdown 
2025-05-30 16:07:32,390 62394 INFO dbodoo18 odoo.service.server: Hit CTRL-C again or send a second signal to force the shutdown. 
2025-05-30 16:11:34,657 63303 DEBUG ? odoo.netsvc: logger level set: "odoo.http.rpc.request:INFO" 
2025-05-30 16:11:34,658 63303 DEBUG ? odoo.netsvc: logger level set: "odoo.http.rpc.response:INFO" 
2025-05-30 16:11:34,658 63303 DEBUG ? odoo.netsvc: logger level set: ":INFO" 
2025-05-30 16:11:34,658 63303 DEBUG ? odoo.netsvc: logger level set: "odoo:DEBUG" 
2025-05-30 16:11:34,658 63303 DEBUG ? odoo.netsvc: logger level set: "odoo.sql_db:INFO" 
2025-05-30 16:11:34,659 63303 DEBUG ? odoo.netsvc: logger level set: ":INFO" 
2025-05-30 16:11:34,659 63303 INFO ? odoo: Odoo version 18.0 
2025-05-30 16:11:34,659 63303 INFO ? odoo: Using configuration file at /opt/ic-tecnology/arquitectura/odoo18/clientes/cliente1/conf/odoo.cfg 
2025-05-30 16:11:34,659 63303 INFO ? odoo: addons paths: ['/opt/ic-tecnology/arquitectura/odoo18/odoo/odoo/addons', '/opt/ic-tecnology/arquitectura/odoo18/clientes/cliente1/data/.local/share/Odoo/addons/18.0', '/opt/ic-tecnology/arquitectura/odoo18/odoo/addons', '/opt/ic-tecnology/arquitectura/odoo18/odoo/addons/enterprise-18.0', '/opt/ic-tecnology/arquitectura/odoo18/clientes/cliente1/extra-addons'] 
2025-05-30 16:11:34,659 63303 INFO ? odoo: database: odoo18@0.0.0.0:5432 
2025-05-30 16:11:34,794 63303 INFO ? odoo.addons.base.models.ir_actions_report: Will use the Wkhtmltopdf binary at /usr/local/bin/wkhtmltopdf 
2025-05-30 16:11:34,804 63303 INFO ? odoo.addons.base.models.ir_actions_report: Will use the Wkhtmltoimage binary at /usr/local/bin/wkhtmltoimage 
2025-05-30 16:11:34,969 63303 DEBUG ? odoo.service.server: Setting signal handlers 
2025-05-30 16:11:34,969 63303 INFO ? odoo.service.server: HTTP service (werkzeug) running on ubuntuserver2404:8018 
2025-05-30 16:11:34,996 63303 DEBUG dbodoo18 odoo.modules.registry: Multiprocess load registry signaling: [Registry: 3] [Cache default: 3] [Cache assets: 1] [Cache templates: 1] [Cache routing: 1] [Cache groups: 1] 
2025-05-30 16:11:35,001 63303 INFO dbodoo18 odoo.modules.loading: loading 1 modules... 
2025-05-30 16:11:35,001 63303 DEBUG dbodoo18 odoo.modules.loading: Loading module base (1/1) 
2025-05-30 16:11:35,009 63303 DEBUG dbodoo18 odoo.modules.loading: Module base loaded in 0.01s, 0 queries 
2025-05-30 16:11:35,009 63303 INFO dbodoo18 odoo.modules.loading: 1 modules loaded in 0.01s, 0 queries (+0 extra) 
2025-05-30 16:11:35,033 63303 DEBUG dbodoo18 odoo.modules.loading: Updating graph with 53 more modules 
2025-05-30 16:11:35,034 63303 INFO dbodoo18 odoo.modules.loading: loading 54 modules... 
2025-05-30 16:11:35,034 63303 DEBUG dbodoo18 odoo.modules.loading: Loading module l10n_us (2/54) 
2025-05-30 16:11:35,035 63303 DEBUG dbodoo18 odoo.modules.loading: Module l10n_us loaded in 0.00s, 0 queries 
2025-05-30 16:11:35,035 63303 DEBUG dbodoo18 odoo.modules.loading: Loading module uom (3/54) 
2025-05-30 16:11:35,037 63303 DEBUG dbodoo18 odoo.modules.loading: Module uom loaded in 0.00s, 0 queries 
2025-05-30 16:11:35,037 63303 DEBUG dbodoo18 odoo.modules.loading: Loading module web (4/54) 
2025-05-30 16:11:35,039 63303 DEBUG dbodoo18 odoo.modules.loading: Module web loaded in 0.00s, 0 queries 
2025-05-30 16:11:35,039 63303 DEBUG dbodoo18 odoo.modules.loading: Loading module auth_totp (5/54) 
2025-05-30 16:11:35,052 63303 DEBUG dbodoo18 odoo.modules.loading: Module auth_totp loaded in 0.01s, 0 queries 
2025-05-30 16:11:35,052 63303 DEBUG dbodoo18 odoo.modules.loading: Loading module base_import (6/54) 
2025-05-30 16:11:35,187 63303 DEBUG dbodoo18 odoo.modules.loading: Module base_import loaded in 0.13s, 0 queries 
2025-05-30 16:11:35,187 63303 DEBUG dbodoo18 odoo.modules.loading: Loading module base_import_module (7/54) 
2025-05-30 16:11:35,192 63303 DEBUG dbodoo18 odoo.modules.loading: Module base_import_module loaded in 0.01s, 0 queries 
2025-05-30 16:11:35,192 63303 DEBUG dbodoo18 odoo.modules.loading: Loading module base_setup (8/54) 
2025-05-30 16:11:35,195 63303 DEBUG dbodoo18 odoo.modules.loading: Module base_setup loaded in 0.00s, 0 queries 
2025-05-30 16:11:35,196 63303 DEBUG dbodoo18 odoo.modules.loading: Loading module bus (9/54) 
2025-05-30 16:11:35,206 63303 DEBUG dbodoo18 odoo.modules.loading: Module bus loaded in 0.01s, 0 queries 
2025-05-30 16:11:35,207 63303 DEBUG dbodoo18 odoo.modules.loading: Loading module http_routing (10/54) 
2025-05-30 16:11:35,209 63303 DEBUG dbodoo18 odoo.modules.loading: Module http_routing loaded in 0.00s, 0 queries 
2025-05-30 16:11:35,210 63303 DEBUG dbodoo18 odoo.modules.loading: Loading module onboarding (11/54) 
2025-05-30 16:11:35,213 63303 DEBUG dbodoo18 odoo.modules.loading: Module onboarding loaded in 0.00s, 0 queries 
2025-05-30 16:11:35,213 63303 DEBUG dbodoo18 odoo.modules.loading: Loading module resource (12/54) 
2025-05-30 16:11:35,221 63303 DEBUG dbodoo18 odoo.modules.loading: Module resource loaded in 0.01s, 0 queries 
2025-05-30 16:11:35,221 63303 DEBUG dbodoo18 odoo.modules.loading: Loading module utm (13/54) 
2025-05-30 16:11:35,225 63303 DEBUG dbodoo18 odoo.modules.loading: Module utm loaded in 0.00s, 0 queries 
2025-05-30 16:11:35,226 63303 DEBUG dbodoo18 odoo.modules.loading: Loading module web_tour (14/54) 
2025-05-30 16:11:35,228 63303 DEBUG dbodoo18 odoo.modules.loading: Module web_tour loaded in 0.00s, 0 queries 
2025-05-30 16:11:35,228 63303 DEBUG dbodoo18 odoo.modules.loading: Loading module html_editor (15/54) 
2025-05-30 16:11:35,287 63303 DEBUG dbodoo18 odoo.modules.loading: Module html_editor loaded in 0.06s, 0 queries 
2025-05-30 16:11:35,287 63303 DEBUG dbodoo18 odoo.modules.loading: Loading module iap (16/54) 
2025-05-30 16:11:35,288 63303 DEBUG dbodoo18 odoo.modules.loading: Module iap loaded in 0.00s, 0 queries 
2025-05-30 16:11:35,288 63303 DEBUG dbodoo18 odoo.modules.loading: Loading module mail (17/54) 
2025-05-30 16:11:35,293 63303 DEBUG dbodoo18 odoo.modules.loading: Module mail loaded in 0.00s, 0 queries 
2025-05-30 16:11:35,293 63303 DEBUG dbodoo18 odoo.modules.loading: Loading module web_editor (18/54) 
2025-05-30 16:11:35,309 63303 DEBUG dbodoo18 odoo.modules.loading: Module web_editor loaded in 0.02s, 0 queries 
2025-05-30 16:11:35,310 63303 DEBUG dbodoo18 odoo.modules.loading: Loading module analytic (19/54) 
2025-05-30 16:11:35,315 63303 DEBUG dbodoo18 odoo.modules.loading: Module analytic loaded in 0.00s, 0 queries 
2025-05-30 16:11:35,315 63303 DEBUG dbodoo18 odoo.modules.loading: Loading module auth_signup (20/54) 
2025-05-30 16:11:35,318 63303 DEBUG dbodoo18 odoo.modules.loading: Module auth_signup loaded in 0.00s, 0 queries 
2025-05-30 16:11:35,318 63303 DEBUG dbodoo18 odoo.modules.loading: Loading module auth_totp_mail (21/54) 
2025-05-30 16:11:35,319 63303 DEBUG dbodoo18 odoo.modules.loading: Module auth_totp_mail loaded in 0.00s, 0 queries 
2025-05-30 16:11:35,320 63303 DEBUG dbodoo18 odoo.modules.loading: Loading module base_install_request (22/54) 
2025-05-30 16:11:35,321 63303 DEBUG dbodoo18 odoo.modules.loading: Module base_install_request loaded in 0.00s, 0 queries 
2025-05-30 16:11:35,322 63303 DEBUG dbodoo18 odoo.modules.loading: Loading module google_gmail (23/54) 
2025-05-30 16:11:35,326 63303 DEBUG dbodoo18 odoo.modules.loading: Module google_gmail loaded in 0.00s, 0 queries 
2025-05-30 16:11:35,326 63303 DEBUG dbodoo18 odoo.modules.loading: Loading module iap_mail (24/54) 
2025-05-30 16:11:35,329 63303 DEBUG dbodoo18 odoo.modules.loading: Module iap_mail loaded in 0.00s, 0 queries 
2025-05-30 16:11:35,329 63303 DEBUG dbodoo18 odoo.modules.loading: Loading module mail_bot (25/54) 
2025-05-30 16:11:35,331 63303 DEBUG dbodoo18 odoo.modules.loading: Module mail_bot loaded in 0.00s, 0 queries 
2025-05-30 16:11:35,332 63303 DEBUG dbodoo18 odoo.modules.loading: Loading module phone_validation (26/54) 
2025-05-30 16:11:35,339 63303 DEBUG dbodoo18 odoo.modules.loading: Module phone_validation loaded in 0.01s, 0 queries 
2025-05-30 16:11:35,339 63303 DEBUG dbodoo18 odoo.modules.loading: Loading module privacy_lookup (27/54) 
2025-05-30 16:11:35,343 63303 DEBUG dbodoo18 odoo.modules.loading: Module privacy_lookup loaded in 0.00s, 0 queries 
2025-05-30 16:11:35,343 63303 DEBUG dbodoo18 odoo.modules.loading: Loading module product (28/54) 
2025-05-30 16:11:35,369 63303 DEBUG dbodoo18 odoo.modules.loading: Module product loaded in 0.03s, 0 queries 
2025-05-30 16:11:35,370 63303 DEBUG dbodoo18 odoo.modules.loading: Loading module resource_mail (29/54) 
2025-05-30 16:11:35,373 63303 DEBUG dbodoo18 odoo.modules.loading: Module resource_mail loaded in 0.00s, 0 queries 
2025-05-30 16:11:35,373 63303 DEBUG dbodoo18 odoo.modules.loading: Loading module sales_team (30/54) 
2025-05-30 16:11:35,376 63303 DEBUG dbodoo18 odoo.modules.loading: Module sales_team loaded in 0.00s, 0 queries 
2025-05-30 16:11:35,376 63303 DEBUG dbodoo18 odoo.modules.loading: Loading module web_unsplash (31/54) 
2025-05-30 16:11:35,379 63303 DEBUG dbodoo18 odoo.modules.loading: Module web_unsplash loaded in 0.00s, 0 queries 
2025-05-30 16:11:35,379 63303 DEBUG dbodoo18 odoo.modules.loading: Loading module partner_autocomplete (32/54) 
2025-05-30 16:11:35,383 63303 DEBUG dbodoo18 odoo.modules.loading: Module partner_autocomplete loaded in 0.00s, 0 queries 
2025-05-30 16:11:35,383 63303 DEBUG dbodoo18 odoo.modules.loading: Loading module portal (33/54) 
2025-05-30 16:11:35,391 63303 DEBUG dbodoo18 odoo.modules.loading: Module portal loaded in 0.01s, 0 queries 
2025-05-30 16:11:35,391 63303 DEBUG dbodoo18 odoo.modules.loading: Loading module sms (34/54) 
2025-05-30 16:11:35,404 63303 DEBUG dbodoo18 odoo.modules.loading: Module sms loaded in 0.01s, 0 queries 
2025-05-30 16:11:35,404 63303 DEBUG dbodoo18 odoo.modules.loading: Loading module snailmail (35/54) 
2025-05-30 16:11:35,409 63303 DEBUG dbodoo18 odoo.modules.loading: Module snailmail loaded in 0.00s, 0 queries 
2025-05-30 16:11:35,410 63303 DEBUG dbodoo18 odoo.modules.loading: Loading module auth_totp_portal (36/54) 
2025-05-30 16:11:35,411 63303 DEBUG dbodoo18 odoo.modules.loading: Module auth_totp_portal loaded in 0.00s, 0 queries 
2025-05-30 16:11:35,411 63303 DEBUG dbodoo18 odoo.modules.loading: Loading module digest (37/54) 
2025-05-30 16:11:35,415 63303 DEBUG dbodoo18 odoo.modules.loading: Module digest loaded in 0.00s, 0 queries 
2025-05-30 16:11:35,416 63303 DEBUG dbodoo18 odoo.modules.loading: Loading module payment (38/54) 
2025-05-30 16:11:35,467 63303 DEBUG dbodoo18 odoo.modules.loading: Module payment loaded in 0.05s, 0 queries 
2025-05-30 16:11:35,468 63303 DEBUG dbodoo18 odoo.modules.loading: Loading module spreadsheet (39/54) 
2025-05-30 16:11:35,470 63303 DEBUG dbodoo18 odoo.modules.loading: Module spreadsheet loaded in 0.00s, 0 queries 
2025-05-30 16:11:35,471 63303 DEBUG dbodoo18 odoo.modules.loading: Loading module account (40/54) 
2025-05-30 16:11:35,546 63303 DEBUG dbodoo18 odoo.modules.loading: Module account loaded in 0.08s, 0 queries 
2025-05-30 16:11:35,546 63303 DEBUG dbodoo18 odoo.modules.loading: Loading module spreadsheet_dashboard (41/54) 
2025-05-30 16:11:35,549 63303 DEBUG dbodoo18 odoo.modules.loading: Module spreadsheet_dashboard loaded in 0.00s, 0 queries 
2025-05-30 16:11:35,549 63303 DEBUG dbodoo18 odoo.modules.loading: Loading module account_edi_ubl_cii (42/54) 
2025-05-30 16:11:35,561 63303 DEBUG dbodoo18 odoo.modules.loading: Module account_edi_ubl_cii loaded in 0.01s, 0 queries 
2025-05-30 16:11:35,561 63303 DEBUG dbodoo18 odoo.modules.loading: Loading module account_payment (43/54) 
2025-05-30 16:11:35,567 63303 DEBUG dbodoo18 odoo.modules.loading: Module account_payment loaded in 0.01s, 0 queries 
2025-05-30 16:11:35,567 63303 DEBUG dbodoo18 odoo.modules.loading: Loading module l10n_us_account (44/54) 
2025-05-30 16:11:35,568 63303 DEBUG dbodoo18 odoo.modules.loading: Module l10n_us_account loaded in 0.00s, 0 queries 
2025-05-30 16:11:35,568 63303 DEBUG dbodoo18 odoo.modules.loading: Loading module snailmail_account (45/54) 
2025-05-30 16:11:35,570 63303 DEBUG dbodoo18 odoo.modules.loading: Module snailmail_account loaded in 0.00s, 0 queries 
2025-05-30 16:11:35,570 63303 DEBUG dbodoo18 odoo.modules.loading: Loading module spreadsheet_account (46/54) 
2025-05-30 16:11:35,572 63303 DEBUG dbodoo18 odoo.modules.loading: Module spreadsheet_account loaded in 0.00s, 0 queries 
2025-05-30 16:11:35,572 63303 DEBUG dbodoo18 odoo.modules.loading: Loading module spreadsheet_dashboard_account (47/54) 
2025-05-30 16:11:35,573 63303 DEBUG dbodoo18 odoo.modules.loading: Module spreadsheet_dashboard_account loaded in 0.00s, 0 queries 
2025-05-30 16:11:35,573 63303 DEBUG dbodoo18 odoo.modules.loading: Loading module sale (48/54) 
2025-05-30 16:11:35,589 63303 DEBUG dbodoo18 odoo.modules.loading: Module sale loaded in 0.02s, 0 queries 
2025-05-30 16:11:35,589 63303 DEBUG dbodoo18 odoo.modules.loading: Loading module sale_async_emails (49/54) 
2025-05-30 16:11:35,590 63303 DEBUG dbodoo18 odoo.modules.loading: Module sale_async_emails loaded in 0.00s, 0 queries 
2025-05-30 16:11:35,590 63303 DEBUG dbodoo18 odoo.modules.loading: Loading module sale_edi_ubl (50/54) 
2025-05-30 16:11:35,592 63303 DEBUG dbodoo18 odoo.modules.loading: Module sale_edi_ubl loaded in 0.00s, 0 queries 
2025-05-30 16:11:35,592 63303 DEBUG dbodoo18 odoo.modules.loading: Loading module sale_management (51/54) 
2025-05-30 16:11:35,599 63303 DEBUG dbodoo18 odoo.modules.loading: Module sale_management loaded in 0.01s, 0 queries 
2025-05-30 16:11:35,599 63303 DEBUG dbodoo18 odoo.modules.loading: Loading module sale_sms (52/54) 
2025-05-30 16:11:35,600 63303 DEBUG dbodoo18 odoo.modules.loading: Module sale_sms loaded in 0.00s, 0 queries 
2025-05-30 16:11:35,600 63303 DEBUG dbodoo18 odoo.modules.loading: Loading module spreadsheet_dashboard_sale (53/54) 
2025-05-30 16:11:35,600 63303 DEBUG dbodoo18 odoo.modules.loading: Module spreadsheet_dashboard_sale loaded in 0.00s, 0 queries 
2025-05-30 16:11:35,601 63303 DEBUG dbodoo18 odoo.modules.loading: Loading module sale_pdf_quote_builder (54/54) 
2025-05-30 16:11:35,604 63303 DEBUG dbodoo18 odoo.modules.loading: Module sale_pdf_quote_builder loaded in 0.00s, 0 queries 
2025-05-30 16:11:35,605 63303 INFO dbodoo18 odoo.modules.loading: 54 modules loaded in 0.57s, 0 queries (+0 extra) 
2025-05-30 16:11:35,739 63303 INFO dbodoo18 odoo.modules.loading: Modules loaded. 
2025-05-30 16:11:35,747 63303 INFO dbodoo18 odoo.modules.registry: Registry loaded in 0.776s 
2025-05-30 16:11:35,749 63303 DEBUG dbodoo18 odoo.service.server: cron0 started! 
2025-05-30 16:11:35,751 63303 DEBUG dbodoo18 odoo.service.server: cron1 started! 
2025-05-30 16:11:43,671 63303 DEBUG ? odoo.http: HTTP sessions stored in: /opt/ic-tecnology/arquitectura/odoo18/clientes/cliente1/data/.local/share/Odoo/sessions 
2025-05-30 16:11:43,677 63303 DEBUG ? odoo.tools._vendor.sessions: Could not load session from disk. Use empty session. 
Traceback (most recent call last):
  File "/opt/ic-tecnology/arquitectura/odoo18/odoo/odoo/tools/_vendor/sessions.py", line 216, in get
    f = open(self.get_session_filename(sid), "r", encoding="utf-8")
        ^^^^^^^^^^^^^^^^^^^^^^^^^^^^^^^^^^^^^^^^^^^^^^^^^^^^^^^^^^^
FileNotFoundError: [Errno 2] No such file or directory: '/opt/ic-tecnology/arquitectura/odoo18/clientes/cliente1/data/.local/share/Odoo/sessions/rT/rTOFO46y2bgYTz3bJO9UBx9ugff1Yqy2ZK4mOoh7B3WhzL4F21vzoOcwlSRPOTAOu7FPGcS2KmlUM7lasp6g'
2025-05-30 16:11:43,740 63303 DEBUG ? odoo.modules.module: module __init__.py: no manifest file found ('__manifest__.py', '__openerp__.py') 
2025-05-30 16:11:43,742 63303 DEBUG ? odoo.modules.module: module __pycache__: no manifest file found ('__manifest__.py', '__openerp__.py') 
2025-05-30 16:11:43,750 63303 DEBUG ? odoo.modules.module: module enterprise-18.0: no manifest file found ('__manifest__.py', '__openerp__.py') 
2025-05-30 16:11:43,832 63303 DEBUG ? odoo.modules.module: module website_twitter: no manifest file found ('__manifest__.py', '__openerp__.py') 
2025-05-30 16:11:43,986 63303 DEBUG ? odoo.modules.module: module LICENSE: no manifest file found ('__manifest__.py', '__openerp__.py') 
2025-05-30 16:11:44,007 63303 DEBUG ? odoo.modules.module: module .tx: no manifest file found ('__manifest__.py', '__openerp__.py') 
2025-05-30 16:11:44,025 63303 DEBUG ? odoo.modules.module: module .gitignore: no manifest file found ('__manifest__.py', '__openerp__.py') 
2025-05-30 16:11:44,042 63303 DEBUG ? odoo.modules.module: module README.md: no manifest file found ('__manifest__.py', '__openerp__.py') 
2025-05-30 16:11:44,049 63303 DEBUG ? odoo.modules.module: module CONTRIBUTING.md: no manifest file found ('__manifest__.py', '__openerp__.py') 
2025-05-30 16:11:44,102 63303 DEBUG ? odoo.modules.module: module COPYRIGHT: no manifest file found ('__manifest__.py', '__openerp__.py') 
2025-05-30 16:11:44,175 63303 WARNING ? odoo.modules.module: Missing `license` key in manifest for 'dummy', defaulting to LGPL-3 
2025-05-30 16:11:44,196 63303 INFO ? werkzeug: 192.168.0.80 - - [30/May/2025 16:11:44] "GET /en/web/login?redirect=%2Fodoo%3Fdb%3Ddbpana18 HTTP/1.1" 404 - 1 0.003 0.523
2025-05-30 16:11:47,936 63303 DEBUG ? odoo.tools._vendor.sessions: Could not load session from disk. Use empty session. 
Traceback (most recent call last):
  File "/opt/ic-tecnology/arquitectura/odoo18/odoo/odoo/tools/_vendor/sessions.py", line 216, in get
    f = open(self.get_session_filename(sid), "r", encoding="utf-8")
        ^^^^^^^^^^^^^^^^^^^^^^^^^^^^^^^^^^^^^^^^^^^^^^^^^^^^^^^^^^^
FileNotFoundError: [Errno 2] No such file or directory: '/opt/ic-tecnology/arquitectura/odoo18/clientes/cliente1/data/.local/share/Odoo/sessions/rT/rTOFO46y2bgYTz3bJO9UBx9ugff1Yqy2ZK4mOoh7B3WhzL4F21vzoOcwlSRPOTAOu7FPGcS2KmlUM7lasp6g'
2025-05-30 16:11:47,977 63303 INFO ? werkzeug: 192.168.0.80 - - [30/May/2025 16:11:47] "GET / HTTP/1.1" 303 - 1 0.004 0.037
2025-05-30 16:11:47,987 63303 DEBUG ? odoo.tools._vendor.sessions: Could not load session from disk. Use empty session. 
Traceback (most recent call last):
  File "/opt/ic-tecnology/arquitectura/odoo18/odoo/odoo/tools/_vendor/sessions.py", line 216, in get
    f = open(self.get_session_filename(sid), "r", encoding="utf-8")
        ^^^^^^^^^^^^^^^^^^^^^^^^^^^^^^^^^^^^^^^^^^^^^^^^^^^^^^^^^^^
FileNotFoundError: [Errno 2] No such file or directory: '/opt/ic-tecnology/arquitectura/odoo18/clientes/cliente1/data/.local/share/Odoo/sessions/rT/rTOFO46y2bgYTz3bJO9UBx9ugff1Yqy2ZK4mOoh7B3WhzL4F21vzoOcwlSRPOTAOu7FPGcS2KmlUM7lasp6g'
2025-05-30 16:11:48,035 63303 INFO ? werkzeug: 192.168.0.80 - - [30/May/2025 16:11:48] "GET /odoo HTTP/1.1" 303 - 2 0.005 0.043
2025-05-30 16:11:48,069 63303 DEBUG ? odoo.tools._vendor.sessions: Could not load session from disk. Use empty session. 
Traceback (most recent call last):
  File "/opt/ic-tecnology/arquitectura/odoo18/odoo/odoo/tools/_vendor/sessions.py", line 216, in get
    f = open(self.get_session_filename(sid), "r", encoding="utf-8")
        ^^^^^^^^^^^^^^^^^^^^^^^^^^^^^^^^^^^^^^^^^^^^^^^^^^^^^^^^^^^
FileNotFoundError: [Errno 2] No such file or directory: '/opt/ic-tecnology/arquitectura/odoo18/clientes/cliente1/data/.local/share/Odoo/sessions/rT/rTOFO46y2bgYTz3bJO9UBx9ugff1Yqy2ZK4mOoh7B3WhzL4F21vzoOcwlSRPOTAOu7FPGcS2KmlUM7lasp6g'
2025-05-30 16:11:48,283 63303 INFO ? werkzeug: 192.168.0.80 - - [30/May/2025 16:11:48] "GET /web/database/selector HTTP/1.1" 200 - 8 0.016 0.199
2025-05-30 16:11:53,747 63303 DEBUG ? odoo.tools._vendor.sessions: Could not load session from disk. Use empty session. 
Traceback (most recent call last):
  File "/opt/ic-tecnology/arquitectura/odoo18/odoo/odoo/tools/_vendor/sessions.py", line 216, in get
    f = open(self.get_session_filename(sid), "r", encoding="utf-8")
        ^^^^^^^^^^^^^^^^^^^^^^^^^^^^^^^^^^^^^^^^^^^^^^^^^^^^^^^^^^^
FileNotFoundError: [Errno 2] No such file or directory: '/opt/ic-tecnology/arquitectura/odoo18/clientes/cliente1/data/.local/share/Odoo/sessions/rT/rTOFO46y2bgYTz3bJO9UBx9ugff1Yqy2ZK4mOoh7B3WhzL4F21vzoOcwlSRPOTAOu7FPGcS2KmlUM7lasp6g'
2025-05-30 16:11:53,791 63303 INFO ? werkzeug: 192.168.0.80 - - [30/May/2025 16:11:53] "GET /odoo?db=dbodoo18 HTTP/1.1" 302 - 1 0.003 0.046
2025-05-30 16:11:53,805 63303 INFO dbodoo18 odoo.addons.base.models.ir_http: Generating routing map for key None 
2025-05-30 16:11:53,845 63303 INFO dbodoo18 werkzeug: 192.168.0.80 - - [30/May/2025 16:11:53] "GET /odoo?db=dbodoo18 HTTP/1.1" 303 - 7 0.014 0.029
2025-05-30 16:11:54,086 63303 INFO dbodoo18 werkzeug: 192.168.0.80 - - [30/May/2025 16:11:54] "GET /web/login?redirect=%2Fodoo%3Fdb%3Ddbodoo18 HTTP/1.1" 200 - 63 0.063 0.161
2025-05-30 16:11:54,147 63303 INFO dbodoo18 werkzeug: 192.168.0.80 - - [30/May/2025 16:11:54] "GET /web/binary/company_logo HTTP/1.1" 304 - 5 0.006 0.008
2025-05-30 16:11:59,490 63303 INFO dbodoo18 odoo.addons.base.models.res_users: Login failed for db:dbodoo18 login:ademin from 192.168.0.80 
2025-05-30 16:11:59,493 63303 INFO dbodoo18 werkzeug: 192.168.0.80 - - [30/May/2025 16:11:59] "POST /web/login HTTP/1.1" 200 - 10 0.011 0.043
2025-05-30 16:11:59,542 63303 INFO dbodoo18 werkzeug: 192.168.0.80 - - [30/May/2025 16:11:59] "GET /web/binary/company_logo?dbname=dbodoo18 HTTP/1.1" 200 - 5 0.002 0.004
2025-05-30 16:12:08,073 63303 INFO dbodoo18 odoo.addons.base.models.res_users: Login successful for db:dbodoo18 login:admin from 192.168.0.80 
2025-05-30 16:12:08,091 63303 INFO dbodoo18 werkzeug: 192.168.0.80 - - [30/May/2025 16:12:08] "POST /web/login HTTP/1.1" 303 - 38 0.045 0.546
2025-05-30 16:12:08,106 63303 DEBUG dbodoo18 odoo.http: Couldn't load Geoip Country file ([Errno 2] No such file or directory: b'/usr/share/GeoIP/GeoLite2-Country.mmdb'). Fallbacks on Geoip City. 
2025-05-30 16:12:08,108 63303 INFO dbodoo18 odoo.addons.base.models.res_device: User 2 inserts device log (gRMeZt4aOPupYVwFa1GcSlDoze89eMIyfZH44Jl2PK) 
2025-05-30 16:12:08,443 63303 INFO dbodoo18 werkzeug: 192.168.0.80 - - [30/May/2025 16:12:08] "GET /odoo?db=dbodoo18 HTTP/1.1" 200 - 84 0.087 0.255
2025-05-30 16:12:08,582 63303 INFO dbodoo18 werkzeug: 192.168.0.80 - - [30/May/2025 16:12:08] "GET /bus/websocket_worker_bundle?v=18.0-5 HTTP/1.1" 200 - 4 0.007 0.008
2025-05-30 16:12:08,658 63303 INFO dbodoo18 werkzeug: 192.168.0.80 - - [30/May/2025 16:12:08] "POST /web/action/load HTTP/1.1" 200 - 6 0.010 0.048
2025-05-30 16:12:08,679 63303 INFO dbodoo18 werkzeug: 192.168.0.80 - - [30/May/2025 16:12:08] "GET /websocket?version=18.0-5 HTTP/1.1" 101 - 1 0.004 0.065
2025-05-30 16:12:08,696 63303 INFO dbodoo18 werkzeug: 192.168.0.80 - - [30/May/2025 16:12:08] "GET /web/image?model=res.users&field=avatar_128&id=2 HTTP/1.1" 200 - 9 0.025 0.064
2025-05-30 16:12:08,773 63303 INFO dbodoo18 werkzeug: 192.168.0.80 - - [30/May/2025 16:12:08] "POST /mail/data HTTP/1.1" 200 - 48 0.092 0.079
2025-05-30 16:12:08,842 63303 INFO dbodoo18 werkzeug: 192.168.0.80 - - [30/May/2025 16:12:08] "POST /mail/data HTTP/1.1" 200 - 63 0.079 0.055
2025-05-30 16:12:08,919 63303 INFO dbodoo18 werkzeug: 192.168.0.80 - - [30/May/2025 16:12:08] "POST /mail/inbox/messages HTTP/1.1" 200 - 5 0.007 0.007
2025-05-30 16:12:09,257 63303 INFO ? odoo.addons.bus.models.bus: Bus.loop listen imbus on db postgres 
2025-05-30 16:12:17,931 63303 DEBUG dbodoo18 odoo.addons.http_routing.models.ir_http: '/web/session/logout' (lang: 'en') no lang in url and default website, continue 
2025-05-30 16:12:17,936 63303 INFO dbodoo18 werkzeug: 192.168.0.80 - - [30/May/2025 16:12:17] "GET /web/session/logout HTTP/1.1" 303 - 3 0.002 0.011
2025-05-30 16:12:17,956 63303 INFO dbodoo18 werkzeug: 192.168.0.80 - - [30/May/2025 16:12:17] "GET /odoo HTTP/1.1" 303 - 4 0.002 0.006
2025-05-30 16:12:18,013 63303 INFO dbodoo18 werkzeug: 192.168.0.80 - - [30/May/2025 16:12:18] "GET /web/login?redirect=%2Fodoo%3F HTTP/1.1" 200 - 7 0.011 0.030
2025-05-30 16:12:18,080 63303 INFO dbodoo18 werkzeug: 192.168.0.80 - - [30/May/2025 16:12:18] "GET /web/binary/company_logo HTTP/1.1" 304 - 5 0.016 0.014
2025-05-30 16:12:36,024 63303 DEBUG ? odoo.service.server: cron0 polling for jobs 
2025-05-30 16:12:37,132 63303 DEBUG ? odoo.service.server: cron1 polling for jobs 
2025-05-30 16:13:10,563 63303 INFO dbodoo18 odoo.service.server: Initiating shutdown 
2025-05-30 16:13:10,563 63303 INFO dbodoo18 odoo.service.server: Hit CTRL-C again or send a second signal to force the shutdown. 
2025-05-30 16:13:10,658 63303 DEBUG dbodoo18 odoo.service.server: on_close call <bound method Event.set of <threading.Event at 0x71da03ca9e90: unset>> 
2025-05-30 16:13:10,658 63303 DEBUG dbodoo18 odoo.service.server: on_close call <function _kick_all at 0x71da03cb3420> 
2025-05-30 16:13:10,658 63303 DEBUG dbodoo18 odoo.service.server: current thread: <_MainThread(MainThread, started 125181403424576)> 
2025-05-30 16:13:10,659 63303 DEBUG dbodoo18 odoo.service.server: process <_MainThread(MainThread, started 125181403424576)> (False) 
2025-05-30 16:13:10,659 63303 DEBUG dbodoo18 odoo.service.server: process <Thread(odoo.service.cron.cron0, started daemon 125181157701312)> (True) 
2025-05-30 16:13:10,659 63303 DEBUG dbodoo18 odoo.service.server: process <Thread(odoo.service.cron.cron1, started daemon 125181149308608)> (True) 
2025-05-30 16:13:10,659 63303 DEBUG dbodoo18 odoo.service.server: process <ImDispatch(odoo.addons.bus.models.bus.Bus, started daemon 125181050746560)> (True) 
2025-05-30 16:13:10,663 63303 INFO dbodoo18 odoo.sql_db: ConnectionPool(read/write;used=0/count=0/max=64): Closed 9 connections  
2025-05-30 16:13:10,664 63303 DEBUG dbodoo18 odoo.service.server: -- 
